# JRE version: Java(TM) SE Runtime Environment (8.0_201-b09) (build 1.8.0_201-b09)
# Java VM: Java HotSpot(TM) 64-Bit Server VM (25.201-b09 mixed mode windows-amd64 compressed oops)
Heap:
 PSYoungGen      total 67584K, used 67046K [0x00000000d6000000, 0x00000000dd900000, 0x0000000100000000)
  eden space 62464K, 99% used [0x00000000d6000000,0x00000000d9c8b4f8,0x00000000d9d00000)
  from space 5120K, 98% used [0x00000000da500000,0x00000000da9ee318,0x00000000daa00000)
  to   space 8192K, 0% used [0x00000000d9d00000,0x00000000d9d00000,0x00000000da500000)
 ParOldGen       total 52736K, used 6282K [0x0000000082000000, 0x0000000085380000, 0x00000000d6000000)
  object space 52736K, 11% used [0x0000000082000000,0x0000000082622b38,0x0000000085380000)
 Metaspace       used 26006K, capacity 27746K, committed 27904K, reserved 1073152K
  class space    used 3395K, capacity 3721K, committed 3840K, reserved 1048576K
GC Heap History (10 events):
Event: 1.523 GC heap before
{Heap before GC invocations=3 (full 0):
 PSYoungGen      total 37888K, used 37871K [0x00000000d6000000, 0x00000000d8a00000, 0x0000000100000000)
  eden space 32768K, 100% used [0x00000000d6000000,0x00000000d8000000,0x00000000d8000000)
  from space 5120K, 99% used [0x00000000d8500000,0x00000000d89fbe90,0x00000000d8a00000)
  to   space 5120K, 0% used [0x00000000d8000000,0x00000000d8000000,0x00000000d8500000)
 ParOldGen       total 86016K, used 234K [0x0000000082000000, 0x0000000087400000, 0x00000000d6000000)
  object space 86016K, 0% used [0x0000000082000000,0x000000008203aa58,0x0000000087400000)
 Metaspace       used 14864K, capacity 16062K, committed 16384K, reserved 1062912K
  class space    used 1918K, capacity 2181K, committed 2304K, reserved 1048576K
Event: 1.529 GC heap after
Heap after GC invocations=3 (full 0):
 PSYoungGen      total 37888K, used 5093K [0x00000000d6000000, 0x00000000daa00000, 0x0000000100000000)
  eden space 32768K, 0% used [0x00000000d6000000,0x00000000d6000000,0x00000000d8000000)
  from space 5120K, 99% used [0x00000000d8000000,0x00000000d84f9468,0x00000000d8500000)
  to   space 5120K, 0% used [0x00000000da500000,0x00000000da500000,0x00000000daa00000)
 ParOldGen       total 86016K, used 1096K [0x0000000082000000, 0x0000000087400000, 0x00000000d6000000)
  object space 86016K, 1% used [0x0000000082000000,0x0000000082112240,0x0000000087400000)
 Metaspace       used 14864K, capacity 16062K, committed 16384K, reserved 1062912K
  class space    used 1918K, capacity 2181K, committed 2304K, reserved 1048576K
}
Event: 1.749 GC heap before
{Heap before GC invocations=4 (full 0):
 PSYoungGen      total 37888K, used 37861K [0x00000000d6000000, 0x00000000daa00000, 0x0000000100000000)
  eden space 32768K, 100% used [0x00000000d6000000,0x00000000d8000000,0x00000000d8000000)
  from space 5120K, 99% used [0x00000000d8000000,0x00000000d84f9468,0x00000000d8500000)
  to   space 5120K, 0% used [0x00000000da500000,0x00000000da500000,0x00000000daa00000)
 ParOldGen       total 86016K, used 1096K [0x0000000082000000, 0x0000000087400000, 0x00000000d6000000)
  object space 86016K, 1% used [0x0000000082000000,0x0000000082112240,0x0000000087400000)
 Metaspace       used 18388K, capacity 19726K, committed 20096K, reserved 1067008K
  class space    used 2342K, capacity 2597K, committed 2688K, reserved 1048576K
Event: 1.757 GC heap after
Heap after GC invocations=4 (full 0):
 PSYoungGen      total 70656K, used 5105K [0x00000000d6000000, 0x00000000daa00000, 0x0000000100000000)
  eden space 65536K, 0% used [0x00000000d6000000,0x00000000d6000000,0x00000000da000000)
  from space 5120K, 99% used [0x00000000da500000,0x00000000da9fc688,0x00000000daa00000)
  to   space 5120K, 0% used [0x00000000da000000,0x00000000da000000,0x00000000da500000)
 ParOldGen       total 86016K, used 3576K [0x0000000082000000, 0x0000000087400000, 0x00000000d6000000)
  object space 86016K, 4% used [0x0000000082000000,0x000000008237e0a0,0x0000000087400000)
 Metaspace       used 18388K, capacity 19726K, committed 20096K, reserved 1067008K
  class space    used 2342K, capacity 2597K, committed 2688K, reserved 1048576K
}
Event: 1.835 GC heap before
{Heap before GC invocations=5 (full 0):
 PSYoungGen      total 70656K, used 21449K [0x00000000d6000000, 0x00000000daa00000, 0x0000000100000000)
  eden space 65536K, 24% used [0x00000000d6000000,0x00000000d6ff60c0,0x00000000da000000)
  from space 5120K, 99% used [0x00000000da500000,0x00000000da9fc688,0x00000000daa00000)
  to   space 5120K, 0% used [0x00000000da000000,0x00000000da000000,0x00000000da500000)
 ParOldGen       total 86016K, used 3576K [0x0000000082000000, 0x0000000087400000, 0x00000000d6000000)
  object space 86016K, 4% used [0x0000000082000000,0x000000008237e0a0,0x0000000087400000)
 Metaspace       used 19915K, capacity 21214K, committed 21248K, reserved 1067008K
  class space    used 2556K, capacity 2811K, committed 2816K, reserved 1048576K
Event: 1.841 GC heap after
Heap after GC invocations=5 (full 0):
 PSYoungGen      total 70656K, used 5090K [0x00000000d6000000, 0x00000000daa00000, 0x0000000100000000)
  eden space 65536K, 0% used [0x00000000d6000000,0x00000000d6000000,0x00000000da000000)
  from space 5120K, 99% used [0x00000000da000000,0x00000000da4f8820,0x00000000da500000)
  to   space 5120K, 0% used [0x00000000da500000,0x00000000da500000,0x00000000daa00000)
 ParOldGen       total 86016K, used 5019K [0x0000000082000000, 0x0000000087400000, 0x00000000d6000000)
  object space 86016K, 5% used [0x0000000082000000,0x00000000824e6fd0,0x0000000087400000)
 Metaspace       used 19915K, capacity 21214K, committed 21248K, reserved 1067008K
  class space    used 2556K, capacity 2811K, committed 2816K, reserved 1048576K
}
Event: 1.842 GC heap before
{Heap before GC invocations=6 (full 1):
 PSYoungGen      total 70656K, used 5090K [0x00000000d6000000, 0x00000000daa00000, 0x0000000100000000)
  eden space 65536K, 0% used [0x00000000d6000000,0x00000000d6000000,0x00000000da000000)
  from space 5120K, 99% used [0x00000000da000000,0x00000000da4f8820,0x00000000da500000)
  to   space 5120K, 0% used [0x00000000da500000,0x00000000da500000,0x00000000daa00000)
 ParOldGen       total 86016K, used 5019K [0x0000000082000000, 0x0000000087400000, 0x00000000d6000000)
  object space 86016K, 5% used [0x0000000082000000,0x00000000824e6fd0,0x0000000087400000)
 Metaspace       used 19915K, capacity 21214K, committed 21248K, reserved 1067008K
  class space    used 2556K, capacity 2811K, committed 2816K, reserved 1048576K
Event: 1.869 GC heap after
Heap after GC invocations=6 (full 1):
 PSYoungGen      total 70656K, used 0K [0x00000000d6000000, 0x00000000daa00000, 0x0000000100000000)
  eden space 65536K, 0% used [0x00000000d6000000,0x00000000d6000000,0x00000000da000000)
  from space 5120K, 0% used [0x00000000da000000,0x00000000da000000,0x00000000da500000)
  to   space 5120K, 0% used [0x00000000da500000,0x00000000da500000,0x00000000daa00000)
 ParOldGen       total 52736K, used 6274K [0x0000000082000000, 0x0000000085380000, 0x00000000d6000000)
  object space 52736K, 11% used [0x0000000082000000,0x0000000082620b38,0x0000000085380000)
 Metaspace       used 19915K, capacity 21214K, committed 21248K, reserved 1067008K
  class space    used 2556K, capacity 2811K, committed 2816K, reserved 1048576K
}
Event: 2.352 GC heap before
{Heap before GC invocations=7 (full 1):
 PSYoungGen      total 70656K, used 65536K [0x00000000d6000000, 0x00000000daa00000, 0x0000000100000000)
  eden space 65536K, 100% used [0x00000000d6000000,0x00000000da000000,0x00000000da000000)
  from space 5120K, 0% used [0x00000000da000000,0x00000000da000000,0x00000000da500000)
  to   space 5120K, 0% used [0x00000000da500000,0x00000000da500000,0x00000000daa00000)
 ParOldGen       total 52736K, used 6274K [0x0000000082000000, 0x0000000085380000, 0x00000000d6000000)
  object space 52736K, 11% used [0x0000000082000000,0x0000000082620b38,0x0000000085380000)
 Metaspace       used 22898K, capacity 24476K, committed 24576K, reserved 1071104K
  class space    used 2980K, capacity 3284K, committed 3328K, reserved 1048576K
Event: 2.356 GC heap after
Heap after GC invocations=7 (full 1):
 PSYoungGen      total 67584K, used 5048K [0x00000000d6000000, 0x00000000dd900000, 0x0000000100000000)
  eden space 62464K, 0% used [0x00000000d6000000,0x00000000d6000000,0x00000000d9d00000)
  from space 5120K, 98% used [0x00000000da500000,0x00000000da9ee318,0x00000000daa00000)
  to   space 8192K, 0% used [0x00000000d9d00000,0x00000000d9d00000,0x00000000da500000)
 ParOldGen       total 52736K, used 6282K [0x0000000082000000, 0x0000000085380000, 0x00000000d6000000)
  object space 52736K, 11% used [0x0000000082000000,0x0000000082622b38,0x0000000085380000)
 Metaspace       used 22898K, capacity 24476K, committed 24576K, reserved 1071104K
  class space    used 2980K, capacity 3284K, committed 3328K, reserved 1048576K
}

